Traceback (most recent call last):
  File "/Users/daniel/Library/Caches/pypoetry/virtualenvs/rangekeeperwalkthrough-3n9gAvA9-py3.11/lib/python3.11/site-packages/jupyter_cache/executors/utils.py", line 58, in single_nb_execution
    executenb(
  File "/Users/daniel/Library/Caches/pypoetry/virtualenvs/rangekeeperwalkthrough-3n9gAvA9-py3.11/lib/python3.11/site-packages/nbclient/client.py", line 1314, in execute
    return NotebookClient(nb=nb, resources=resources, km=km, **kwargs).execute()
           ^^^^^^^^^^^^^^^^^^^^^^^^^^^^^^^^^^^^^^^^^^^^^^^^^^^^^^^^^^^^^^^^^^^^^
  File "/Users/daniel/Library/Caches/pypoetry/virtualenvs/rangekeeperwalkthrough-3n9gAvA9-py3.11/lib/python3.11/site-packages/jupyter_core/utils/__init__.py", line 165, in wrapped
    return loop.run_until_complete(inner)
           ^^^^^^^^^^^^^^^^^^^^^^^^^^^^^^
  File "/Users/daniel/.pyenv/versions/3.11.8/lib/python3.11/asyncio/base_events.py", line 654, in run_until_complete
    return future.result()
           ^^^^^^^^^^^^^^^
  File "/Users/daniel/Library/Caches/pypoetry/virtualenvs/rangekeeperwalkthrough-3n9gAvA9-py3.11/lib/python3.11/site-packages/nbclient/client.py", line 709, in async_execute
    await self.async_execute_cell(
  File "/Users/daniel/Library/Caches/pypoetry/virtualenvs/rangekeeperwalkthrough-3n9gAvA9-py3.11/lib/python3.11/site-packages/nbclient/client.py", line 1062, in async_execute_cell
    await self._check_raise_for_error(cell, cell_index, exec_reply)
  File "/Users/daniel/Library/Caches/pypoetry/virtualenvs/rangekeeperwalkthrough-3n9gAvA9-py3.11/lib/python3.11/site-packages/nbclient/client.py", line 918, in _check_raise_for_error
    raise CellExecutionError.from_cell_and_msg(cell, exec_reply_content)
nbclient.exceptions.CellExecutionError: An error occurred while executing the following cell:
------------------
locale.setlocale(locale.LC_ALL, '')
units = rk.measure.Index.registry
currency = rk.measure.register_currency(registry=units)
params = {
    'start_date': pd.Timestamp('2001-01-01'),
    'num_periods': 10,
    'period_type': rk.periodicity.Type.YEAR,
    'acquisition_cost': -1000 * currency.units,
    'initial_income': 100 * currency.units,
    'growth_rate': 0.02,
    'vacancy_rate': 0.05,
    'opex_pgi_ratio': 0.35,
    'capex_pgi_ratio': 0.1,
    'exit_caprate': 0.05,
    'discount_rate': 0.07,

    # Table 4.1 has proformas that absorb an additional straight-line income flow:
    'addl_pgi_init': 0,
    'addl_pgi_slope': 0,
    }
------------------


[0;31m---------------------------------------------------------------------------[0m
[0;31mAttributeError[0m                            Traceback (most recent call last)
Cell [0;32mIn[2], line 7[0m
[1;32m      2[0m units [38;5;241m=[39m rk[38;5;241m.[39mmeasure[38;5;241m.[39mIndex[38;5;241m.[39mregistry
[1;32m      3[0m currency [38;5;241m=[39m rk[38;5;241m.[39mmeasure[38;5;241m.[39mregister_currency(registry[38;5;241m=[39munits)
[1;32m      4[0m params [38;5;241m=[39m {
[1;32m      5[0m     [38;5;124m'[39m[38;5;124mstart_date[39m[38;5;124m'[39m: pd[38;5;241m.[39mTimestamp([38;5;124m'[39m[38;5;124m2001-01-01[39m[38;5;124m'[39m),
[1;32m      6[0m     [38;5;124m'[39m[38;5;124mnum_periods[39m[38;5;124m'[39m: [38;5;241m10[39m,
[0;32m----> 7[0m     [38;5;124m'[39m[38;5;124mperiod_type[39m[38;5;124m'[39m: [43mrk[49m[38;5;241;43m.[39;49m[43mperiodicity[49m[38;5;241m.[39mType[38;5;241m.[39mYEAR,
[1;32m      8[0m     [38;5;124m'[39m[38;5;124macquisition_cost[39m[38;5;124m'[39m: [38;5;241m-[39m[38;5;241m1000[39m [38;5;241m*[39m currency[38;5;241m.[39munits,
[1;32m      9[0m     [38;5;124m'[39m[38;5;124minitial_income[39m[38;5;124m'[39m: [38;5;241m100[39m [38;5;241m*[39m currency[38;5;241m.[39munits,
[1;32m     10[0m     [38;5;124m'[39m[38;5;124mgrowth_rate[39m[38;5;124m'[39m: [38;5;241m0.02[39m,
[1;32m     11[0m     [38;5;124m'[39m[38;5;124mvacancy_rate[39m[38;5;124m'[39m: [38;5;241m0.05[39m,
[1;32m     12[0m     [38;5;124m'[39m[38;5;124mopex_pgi_ratio[39m[38;5;124m'[39m: [38;5;241m0.35[39m,
[1;32m     13[0m     [38;5;124m'[39m[38;5;124mcapex_pgi_ratio[39m[38;5;124m'[39m: [38;5;241m0.1[39m,
[1;32m     14[0m     [38;5;124m'[39m[38;5;124mexit_caprate[39m[38;5;124m'[39m: [38;5;241m0.05[39m,
[1;32m     15[0m     [38;5;124m'[39m[38;5;124mdiscount_rate[39m[38;5;124m'[39m: [38;5;241m0.07[39m,
[1;32m     16[0m 
[1;32m     17[0m     [38;5;66;03m# Table 4.1 has proformas that absorb an additional straight-line income flow:[39;00m
[1;32m     18[0m     [38;5;124m'[39m[38;5;124maddl_pgi_init[39m[38;5;124m'[39m: [38;5;241m0[39m,
[1;32m     19[0m     [38;5;124m'[39m[38;5;124maddl_pgi_slope[39m[38;5;124m'[39m: [38;5;241m0[39m,
[1;32m     20[0m     }

[0;31mAttributeError[0m: module 'rangekeeper' has no attribute 'periodicity'

