Traceback (most recent call last):
  File "/Users/danfink/Library/Caches/pypoetry/virtualenvs/rangekeeper-L7-q-mcx-py3.10/lib/python3.10/site-packages/jupyter_cache/executors/utils.py", line 58, in single_nb_execution
    executenb(
  File "/Users/danfink/Library/Caches/pypoetry/virtualenvs/rangekeeper-L7-q-mcx-py3.10/lib/python3.10/site-packages/nbclient/client.py", line 1305, in execute
    return NotebookClient(nb=nb, resources=resources, km=km, **kwargs).execute()
  File "/Users/danfink/Library/Caches/pypoetry/virtualenvs/rangekeeper-L7-q-mcx-py3.10/lib/python3.10/site-packages/jupyter_core/utils/__init__.py", line 166, in wrapped
    return loop.run_until_complete(inner)
  File "/Users/danfink/.pyenv/versions/3.10.4/lib/python3.10/asyncio/base_events.py", line 646, in run_until_complete
    return future.result()
  File "/Users/danfink/Library/Caches/pypoetry/virtualenvs/rangekeeper-L7-q-mcx-py3.10/lib/python3.10/site-packages/nbclient/client.py", line 705, in async_execute
    await self.async_execute_cell(
  File "/Users/danfink/Library/Caches/pypoetry/virtualenvs/rangekeeper-L7-q-mcx-py3.10/lib/python3.10/site-packages/nbclient/client.py", line 1058, in async_execute_cell
    await self._check_raise_for_error(cell, cell_index, exec_reply)
  File "/Users/danfink/Library/Caches/pypoetry/virtualenvs/rangekeeper-L7-q-mcx-py3.10/lib/python3.10/site-packages/nbclient/client.py", line 914, in _check_raise_for_error
    raise CellExecutionError.from_cell_and_msg(cell, exec_reply_content)
nbclient.exceptions.CellExecutionError: An error occurred while executing the following cell:
------------------
locale.setlocale(locale.LC_ALL, 'en_au')
units = rk.measure.Index.registry
currency = rk.measure.register_currency(registry=units)
params = {
    'start_date': pd.Timestamp('2001-01-01'),
    'num_periods': 10,
    'period_type': rk.periodicity.Type.YEAR,
    'acquisition_cost': -1000 * currency.units,
    'initial_income': 100 * currency.units,
    'growth_rate': 0.02,
    'vacancy_rate': 0.05,
    'opex_pgi_ratio': 0.35,``
    'capex_pgi_ratio': 0.1,
    'exit_caprate': 0.05,
    'discount_rate': 0.07
    }
------------------


[0;36m  Cell [0;32mIn[2], line 12[0;36m[0m
[0;31m    'opex_pgi_ratio': 0.35,``[0m
[0m                           ^[0m
[0;31mSyntaxError[0m[0;31m:[0m invalid syntax


