Traceback (most recent call last):
  File "/Users/danfink/Library/Caches/pypoetry/virtualenvs/rangekeeper-L7-q-mcx-py3.10/lib/python3.10/site-packages/jupyter_cache/executors/utils.py", line 58, in single_nb_execution
    executenb(
  File "/Users/danfink/Library/Caches/pypoetry/virtualenvs/rangekeeper-L7-q-mcx-py3.10/lib/python3.10/site-packages/nbclient/client.py", line 1305, in execute
    return NotebookClient(nb=nb, resources=resources, km=km, **kwargs).execute()
  File "/Users/danfink/Library/Caches/pypoetry/virtualenvs/rangekeeper-L7-q-mcx-py3.10/lib/python3.10/site-packages/jupyter_core/utils/__init__.py", line 166, in wrapped
    return loop.run_until_complete(inner)
  File "/Users/danfink/.pyenv/versions/3.10.4/lib/python3.10/asyncio/base_events.py", line 646, in run_until_complete
    return future.result()
  File "/Users/danfink/Library/Caches/pypoetry/virtualenvs/rangekeeper-L7-q-mcx-py3.10/lib/python3.10/site-packages/nbclient/client.py", line 705, in async_execute
    await self.async_execute_cell(
  File "/Users/danfink/Library/Caches/pypoetry/virtualenvs/rangekeeper-L7-q-mcx-py3.10/lib/python3.10/site-packages/nbclient/client.py", line 1058, in async_execute_cell
    await self._check_raise_for_error(cell, cell_index, exec_reply)
  File "/Users/danfink/Library/Caches/pypoetry/virtualenvs/rangekeeper-L7-q-mcx-py3.10/lib/python3.10/site-packages/nbclient/client.py", line 914, in _check_raise_for_error
    raise CellExecutionError.from_cell_and_msg(cell, exec_reply_content)
nbclient.exceptions.CellExecutionError: An error occurred while executing the following cell:
------------------


print('Inflex Diffs Skew: {}'.format(ss.skew(inflex_diffs)))
print('Inflex Diffs Kurtosis: {}'.format(ss.kurtosis(inflex_diffs)))
print('Inflex Diffs t-stat: {}'.format(
    np.mean(inflex_diffs) /
    (np.std(inflex_diffs) / np.sqrt(len(inflex_diffs)))
    ))
print('Inflex Diffs t-stat from scipy: {}'.format(
    ss.ttest_1samp(inflex_diffs, 0)))
------------------


[0;31m---------------------------------------------------------------------------[0m
[0;31mNameError[0m                                 Traceback (most recent call last)
Cell [0;32mIn[31], line 1[0m
[0;32m----> 1[0m [38;5;28mprint[39m([38;5;124m'[39m[38;5;124mInflex Diffs Skew: [39m[38;5;132;01m{}[39;00m[38;5;124m'[39m[38;5;241m.[39mformat(ss[38;5;241m.[39mskew([43minflex_diffs[49m)))
[1;32m      2[0m [38;5;28mprint[39m([38;5;124m'[39m[38;5;124mInflex Diffs Kurtosis: [39m[38;5;132;01m{}[39;00m[38;5;124m'[39m[38;5;241m.[39mformat(ss[38;5;241m.[39mkurtosis(inflex_diffs)))
[1;32m      3[0m [38;5;28mprint[39m([38;5;124m'[39m[38;5;124mInflex Diffs t-stat: [39m[38;5;132;01m{}[39;00m[38;5;124m'[39m[38;5;241m.[39mformat(
[1;32m      4[0m     np[38;5;241m.[39mmean(inflex_diffs) [38;5;241m/[39m
[1;32m      5[0m     (np[38;5;241m.[39mstd(inflex_diffs) [38;5;241m/[39m np[38;5;241m.[39msqrt([38;5;28mlen[39m(inflex_diffs)))
[1;32m      6[0m     ))

[0;31mNameError[0m: name 'inflex_diffs' is not defined

